<?xml version="1.0" encoding="UTF-8"?>
<testng-results skipped="0" failed="0" ignored="0" total="3" passed="3">
  <reporter-output>
  </reporter-output>
  <suite name="Default suite" duration-ms="66" started-at="2019-06-05T00:28:00Z" finished-at="2019-06-05T00:28:00Z">
    <groups>
    </groups>
    <test name="Default test" duration-ms="66" started-at="2019-06-05T00:28:00Z" finished-at="2019-06-05T00:28:00Z">
      <class name="Coding.Practice.Collectest1">
        <test-method status="PASS" signature="test()[pri:0, instance:Coding.Practice.Collectest1@39fb3ab6]" name="test" duration-ms="15" started-at="2019-06-04T17:28:00Z" finished-at="2019-06-04T17:28:00Z">
          <reporter-output>
          </reporter-output>
        </test-method> <!-- test -->
        <test-method status="PASS" signature="test2()[pri:0, instance:Coding.Practice.Collectest1@39fb3ab6]" name="test2" duration-ms="3" started-at="2019-06-04T17:28:00Z" finished-at="2019-06-04T17:28:00Z">
          <reporter-output>
          </reporter-output>
        </test-method> <!-- test2 -->
        <test-method status="PASS" signature="test3()[pri:0, instance:Coding.Practice.Collectest1@39fb3ab6]" name="test3" duration-ms="5" started-at="2019-06-04T17:28:00Z" finished-at="2019-06-04T17:28:00Z">
          <reporter-output>
          </reporter-output>
        </test-method> <!-- test3 -->
      </class> <!-- Coding.Practice.Collectest1 -->
    </test> <!-- Default test -->
  </suite> <!-- Default suite -->
</testng-results>
