<?xml version="1.0" encoding="UTF-8"?>
<!-- Generated by org.testng.reporters.JUnitXMLReporter -->
<testsuite hostname="Vedangs-Mini" ignored="0" name="Default test" tests="3" failures="0" timestamp="06 Jun 2019 19:36:09 GMT" time="0.131" errors="0">
  <testcase name="negative" time="0.027" classname="Coding.Practice.FibonacciTest"/>
  <testcase name="positive" time="0.008" classname="Coding.Practice.FibonacciTest"/>
  <testcase name="zero" time="0.003" classname="Coding.Practice.FibonacciTest"/>
</testsuite> <!-- Default test -->
