<?xml version="1.0" encoding="UTF-8"?>
<!-- Generated by org.testng.reporters.JUnitXMLReporter -->
<testsuite hostname="Vedangs-Mini" ignored="0" name="Default test" tests="3" failures="0" timestamp="05 Jun 2019 00:28:00 GMT" time="0.066" errors="0">
  <testcase name="test" time="0.015" classname="Coding.Practice.Collectest1"/>
  <testcase name="test2" time="0.003" classname="Coding.Practice.Collectest1"/>
  <testcase name="test3" time="0.005" classname="Coding.Practice.Collectest1"/>
</testsuite> <!-- Default test -->
