<?xml version="1.0" encoding="UTF-8"?>
<!-- Generated by org.testng.reporters.JUnitXMLReporter -->
<testsuite hostname="Vedangs-Mini" ignored="0" name="Default test" tests="5" failures="0" timestamp="19 Jun 2019 18:30:23 GMT" time="0.138" errors="0">
  <testcase name="inValidString" time="0.016" classname="coding.Assignment1.ShuffleHpTest"/>
  <testcase name="intString" time="0.006" classname="coding.Assignment1.ShuffleHpTest"/>
  <testcase name="negIntString" time="0.003" classname="coding.Assignment1.ShuffleHpTest"/>
  <testcase name="nullString" time="0.008" classname="coding.Assignment1.ShuffleHpTest"/>
  <testcase name="validString" time="0.011" classname="coding.Assignment1.ShuffleHpTest"/>
</testsuite> <!-- Default test -->
