<?xml version="1.0" encoding="UTF-8"?>
<!-- Generated by org.testng.reporters.JUnitXMLReporter -->
<testsuite hostname="Vedangs-Mini" ignored="0" name="Default test" tests="5" failures="0" timestamp="18 Jun 2019 04:32:46 GMT" time="0.121" errors="0">
  <testcase name="inValidString" time="0.028" classname="coding.Assignment1.StringShuffle1Test"/>
  <testcase name="intString" time="0.003" classname="coding.Assignment1.StringShuffle1Test"/>
  <testcase name="negIntString" time="0.001" classname="coding.Assignment1.StringShuffle1Test"/>
  <testcase name="nullString" time="0.001" classname="coding.Assignment1.StringShuffle1Test"/>
  <testcase name="validString" time="0.002" classname="coding.Assignment1.StringShuffle1Test"/>
</testsuite> <!-- Default test -->
