<?xml version="1.0" encoding="UTF-8"?>
<testng-results skipped="0" failed="1" ignored="0" total="4" passed="3">
  <reporter-output>
  </reporter-output>
  <suite name="Default suite" duration-ms="127" started-at="2019-06-20T00:39:10Z" finished-at="2019-06-20T00:39:10Z">
    <groups>
    </groups>
    <test name="Default test" duration-ms="127" started-at="2019-06-20T00:39:10Z" finished-at="2019-06-20T00:39:10Z">
      <class name="coding.Assignment1.PalindromeTest">
        <test-method status="PASS" signature="emptyString()[pri:0, instance:coding.Assignment1.PalindromeTest@5f375618]" name="emptyString" duration-ms="20" started-at="2019-06-20T00:39:10Z" finished-at="2019-06-20T00:39:10Z">
          <reporter-output>
          </reporter-output>
        </test-method> <!-- emptyString -->
        <test-method status="PASS" signature="nullString()[pri:0, instance:coding.Assignment1.PalindromeTest@5f375618]" name="nullString" duration-ms="2" started-at="2019-06-20T00:39:10Z" finished-at="2019-06-20T00:39:10Z">
          <reporter-output>
          </reporter-output>
        </test-method> <!-- nullString -->
        <test-method status="PASS" signature="spString()[pri:0, instance:coding.Assignment1.PalindromeTest@5f375618]" name="spString" duration-ms="4" started-at="2019-06-20T00:39:10Z" finished-at="2019-06-20T00:39:10Z">
          <reporter-output>
          </reporter-output>
        </test-method> <!-- spString -->
        <test-method status="FAIL" signature="sstring()[pri:0, instance:coding.Assignment1.PalindromeTest@5f375618]" name="sstring" duration-ms="7" started-at="2019-06-20T00:39:10Z" finished-at="2019-06-20T00:39:10Z">
          <exception class="java.lang.AssertionError">
            <message>
              <![CDATA[expected [true] but found [false]]]>
            </message>
            <full-stacktrace>
              <![CDATA[java.lang.AssertionError: expected [true] but found [false]
at org.testng.Assert.fail(Assert.java:96)
at org.testng.Assert.failNotEquals(Assert.java:776)
at org.testng.Assert.assertEqualsImpl(Assert.java:137)
at org.testng.Assert.assertEquals(Assert.java:118)
at org.testng.Assert.assertEquals(Assert.java:568)
at org.testng.Assert.assertEquals(Assert.java:578)
at coding.Assignment1.PalindromeTest.sstring(PalindromeTest.java:31)
at sun.reflect.NativeMethodAccessorImpl.invoke0(Native Method)
at sun.reflect.NativeMethodAccessorImpl.invoke(NativeMethodAccessorImpl.java:62)
at sun.reflect.DelegatingMethodAccessorImpl.invoke(DelegatingMethodAccessorImpl.java:43)
at java.lang.reflect.Method.invoke(Method.java:498)
at org.testng.internal.MethodInvocationHelper.invokeMethod(MethodInvocationHelper.java:124)
at org.testng.internal.Invoker.invokeMethod(Invoker.java:583)
at org.testng.internal.Invoker.invokeTestMethod(Invoker.java:719)
at org.testng.internal.Invoker.invokeTestMethods(Invoker.java:989)
at org.testng.internal.TestMethodWorker.invokeTestMethods(TestMethodWorker.java:125)
at org.testng.internal.TestMethodWorker.run(TestMethodWorker.java:109)
at org.testng.TestRunner.privateRun(TestRunner.java:648)
at org.testng.TestRunner.run(TestRunner.java:505)
at org.testng.SuiteRunner.runTest(SuiteRunner.java:455)
at org.testng.SuiteRunner.runSequentially(SuiteRunner.java:450)
at org.testng.SuiteRunner.privateRun(SuiteRunner.java:415)
at org.testng.SuiteRunner.run(SuiteRunner.java:364)
at org.testng.SuiteRunnerWorker.runSuite(SuiteRunnerWorker.java:52)
at org.testng.SuiteRunnerWorker.run(SuiteRunnerWorker.java:84)
at org.testng.TestNG.runSuitesSequentially(TestNG.java:1208)
at org.testng.TestNG.runSuitesLocally(TestNG.java:1137)
at org.testng.TestNG.runSuites(TestNG.java:1049)
at org.testng.TestNG.run(TestNG.java:1017)
at org.testng.remote.AbstractRemoteTestNG.run(AbstractRemoteTestNG.java:115)
at org.testng.remote.RemoteTestNG.initAndRun(RemoteTestNG.java:251)
at org.testng.remote.RemoteTestNG.main(RemoteTestNG.java:77)
]]>
            </full-stacktrace>
          </exception> <!-- java.lang.AssertionError -->
          <reporter-output>
          </reporter-output>
        </test-method> <!-- sstring -->
      </class> <!-- coding.Assignment1.PalindromeTest -->
    </test> <!-- Default test -->
  </suite> <!-- Default suite -->
</testng-results>
