<?xml version="1.0" encoding="UTF-8"?>
<testng-results skipped="0" failed="0" ignored="0" total="5" passed="5">
  <reporter-output>
  </reporter-output>
  <suite name="Default suite" duration-ms="120" started-at="2019-06-18T02:12:02Z" finished-at="2019-06-18T02:12:02Z">
    <groups>
    </groups>
    <test name="Default test" duration-ms="120" started-at="2019-06-18T02:12:02Z" finished-at="2019-06-18T02:12:02Z">
      <class name="coding.Assignment1.StringShuffle1Test">
        <test-method status="PASS" signature="inValidString()[pri:0, instance:coding.Assignment1.StringShuffle1Test@5f375618]" name="inValidString" duration-ms="16" started-at="2019-06-18T02:12:02Z" finished-at="2019-06-18T02:12:02Z">
          <reporter-output>
          </reporter-output>
        </test-method> <!-- inValidString -->
        <test-method status="PASS" signature="intString()[pri:0, instance:coding.Assignment1.StringShuffle1Test@5f375618]" name="intString" duration-ms="2" started-at="2019-06-18T02:12:02Z" finished-at="2019-06-18T02:12:02Z">
          <reporter-output>
          </reporter-output>
        </test-method> <!-- intString -->
        <test-method status="PASS" signature="negIntString()[pri:0, instance:coding.Assignment1.StringShuffle1Test@5f375618]" name="negIntString" duration-ms="2" started-at="2019-06-18T02:12:02Z" finished-at="2019-06-18T02:12:02Z">
          <reporter-output>
          </reporter-output>
        </test-method> <!-- negIntString -->
        <test-method status="PASS" signature="nullString()[pri:0, instance:coding.Assignment1.StringShuffle1Test@5f375618]" name="nullString" duration-ms="7" started-at="2019-06-18T02:12:02Z" finished-at="2019-06-18T02:12:02Z">
          <reporter-output>
          </reporter-output>
        </test-method> <!-- nullString -->
        <test-method status="PASS" signature="validString()[pri:0, instance:coding.Assignment1.StringShuffle1Test@5f375618]" name="validString" duration-ms="2" started-at="2019-06-18T02:12:02Z" finished-at="2019-06-18T02:12:02Z">
          <reporter-output>
          </reporter-output>
        </test-method> <!-- validString -->
      </class> <!-- coding.Assignment1.StringShuffle1Test -->
    </test> <!-- Default test -->
  </suite> <!-- Default suite -->
</testng-results>
